<?xml version="1.0" encoding="UTF-8"?>
<!-- Generated by org.testng.reporters.JUnitReportReporter -->
<testsuite hostname="LAPTOP-AVB2L64G" failures="0" tests="1" name="collabera.LaunchApplication" time="10.724" errors="0" timestamp="2023-10-22T18:57:05 IST" skipped="0">
  <testcase classname="collabera.LaunchApplication" name="launchApp" time="10.724"/>
</testsuite> <!-- collabera.LaunchApplication -->
