<?xml version="1.0" encoding="UTF-8"?>
<!-- Generated by org.testng.reporters.JUnitReportReporter -->
<testsuite skipped="1" hostname="LAPTOP-AVB2L64G" name="collabera.SwipeGestureClass" tests="1" failures="0" timestamp="2023-10-22T09:22:27 IST" time="0.000" errors="0">
  <testcase name="swipe" time="0.000" classname="collabera.SwipeGestureClass">
    <skipped/>
  </testcase> <!-- swipe -->
</testsuite> <!-- collabera.SwipeGestureClass -->
