<?xml version="1.0" encoding="UTF-8"?>
<!-- Generated by org.testng.reporters.JUnitReportReporter -->
<testsuite skipped="1" hostname="LAPTOP-AVB2L64G" name="collabera.LongPressGesture" tests="2" failures="0" timestamp="2023-10-22T09:22:27 IST" time="20.181" errors="1">
  <testcase name="startServerwithApp" time="20.181" classname="collabera.LongPressGesture">
    <error type="io.appium.java_client.service.local.AppiumServerHasNotBeenStartedLocallyException" message="[The local appium server has not been started, Reason: Timed out waiting for [http://127.0.0.1:4723/status] to be available after 20006 ms, Consider increasing the server startup timeout value (currently 20000ms), Node.js executable path: C:\Program Files\nodejs\node.exe, Arguments: [C:\Users\Harsha Patil\AppData\Roaming\npm\node_modules\appium\build\lib\main.js, --port, 4723, --address, 127.0.0.1], Output: [35m[Appium][39m Welcome to Appium v1.22.3
[35m[Appium][39m Non-default server args:
[35m[Appium][39m   address: 127.0.0.1
[35m[Appium][39m Appium REST http interface listener started on 127.0.0.1:4723
[35m[HTTP][39m [37m--&gt;[39m [37mGET[39m [37m/status[39m
[35m[HTTP][39m [90m{}[39m
[debug] [35m[HTTP][39m No route found for /status
[35m[HTTP][39m [37m&lt;-- GET /status [39m[33m404[39m [90m16 ms - 211[39m
[35m[HTTP][39m [90m[39m
[35m[HTTP][39m [37m--&gt;[39m [37mGET[39m [37m/status[39m
[35m[HTTP][39m [90m{}[39m
[debug] [35m[HTTP][39m No route found for /status
[35m[HTTP][39m [37m&lt;-- GET /status [39m[33m404[39m [90m11 ms - 211[39m
[35m[HTTP][39m [90m[39m
[35m[HTTP][39m [37m--&gt;[39m [37mGET[39m [37m/status[39m
[35m[HTTP][39m [90m{}[39m
[debug] [35m[HTTP][39m No route found for /status
[35m[HTTP][39m [37m&lt;-- GET /status [39m[33m404[39m [90m1 ms - 211[39m
[35m[HTTP][39m [90m[39m
[35m[HTTP][39m [37m--&gt;[39m [37mGET[39m [37m/status[39m
[35m[HTTP][39m [90m{}[39m
[debug] [35m[HTTP][39m No route found for /status
[35m[HTTP][39m [37m&lt;-- GET /status [39m[33m404[39m [90m1 ms - 211[39m
[35m[HTTP][39m [90m[39m
[35m[HTTP][39m [37m--&gt;[39m [37mGET[39m [37m/status[39m
[35m[HTTP][39m [90m{}[39m
[debug] [35m[HTTP][39m No route found for /status
[35m[HTTP][39m [37m&lt;-- GET /status [39m[33m404[39m [90m1 ms - 211[39m
[35m[HTTP][39m [90m[39m
[35m[HTTP][39m [37m--&gt;[39m [37mGET[39m [37m/status[39m
[35m[HTTP][39m [90m{}[39m
[debug] [35m[HTTP][39m No route found for /status
[35m[HTTP][39m [37m&lt;-- GET /status [39m[33m404[39m [90m1 ms - 211[39m
[35m[HTTP][39m [90m[39m
[35m[HTTP][39m [37m--&gt;[39m [37mGET[39m [37m/status[39m
[35m[HTTP][39m [90m{}[39m
[debug] [35m[HTTP][39m No route found for /status
[35m[HTTP][39m [37m&lt;-- GET /status [39m[33m404[39m [90m1 ms - 211[39m
[35m[HTTP][39m [90m[39m
[35m[HTTP][39m [37m--&gt;[39m [37mGET[39m [37m/status[39m
[35m[HTTP][39m [90m{}[39m
[debug] [35m[HTTP][39m No route found for /status
[35m[HTTP][39m [37m&lt;-- GET /status [39m[33m404[39m [90m1 ms - 211[39m
[35m[HTTP][39m [90m[39m
[35m[HTTP][39m [37m--&gt;[39m [37mGET[39m [37m/status[39m
[35m[HTTP][39m [90m{}[39m
[debug] [35m[HTTP][39m No route found for /status
[35m[HTTP][39m [37m&lt;-- GET /status [39m[33m404[39m [90m2 ms - 211[39m
[35m[HTTP][39m [90m[39m
[35m[HTTP][39m [37m--&gt;[39m [37mGET[39m [37m/status[39m
[35m[HTTP][39m [90m{}[39m
[debug] [35m[HTTP][39m No route found for /status
[35m[HTTP][39m [37m&lt;-- GET /status [39m[33m404[39m [90m1 ms - 211[39m
[35m[HTTP][39m [90m[39m
[35m[HTTP][39m [37m--&gt;[39m [37mGET[39m [37m/status[39m
[35m[HTTP][39m [90m{}[39m
[debug] [35m[HTTP][39m No route found for /status
[35m[HTTP][39m [37m&lt;-- GET /status [39m[33m404[39m [90m1 ms - 211[39m
[35m[HTTP][39m [90m[39m
[35m[HTTP][39m [37m--&gt;[39m [37mGET[39m [37m/status[39m
[35m[HTTP][39m [90m{}[39m
[debug] [35m[HTTP][39m No route found for /status
[35m[HTTP][39m [37m&lt;-- GET /status [39m[33m404[39m [90m1 ms - 211[39m
[35m[HTTP][39m [90m[39m
[35m[HTTP][39m [37m--&gt;[39m [37mGET[39m [37m/status[39m
[35m[HTTP][39m [90m{}[39m
[debug] [35m[HTTP][39m No route found for /status
[35m[HTTP][39m [37m&lt;-- GET /status [39m[33m404[39m [90m1 ms - 211[39m
[35m[HTTP][39m [90m[39m
[35m[HTTP][39m [37m--&gt;[39m [37mGET[39m [37m/status[39m
[35m[HTTP][39m [90m{}[39m
[debug] [35m[HTTP][39m No route found for /status
[35m[HTTP][39m [37m&lt;-- GET /status [39m[33m404[39m [90m1 ms - 211[39m
[35m[HTTP][39m [90m[39m
[35m[HTTP][39m [37m--&gt;[39m [37mGET[39m [37m/status[39m
[35m[HTTP][39m [90m{}[39m
[debug] [35m[HTTP][39m No route found for /status
[35m[HTTP][39m [37m&lt;-- GET /status [39m[33m404[39m [90m1 ms - 211[39m
[35m[HTTP][39m [90m[39m
[35m[HTTP][39m [37m--&gt;[39m [37mGET[39m [37m/status[39m
[35m[HTTP][39m [90m{}[39m
[debug] [35m[HTTP][39m No route found for /status
[35m[HTTP][39m [37m&lt;-- GET /status [39m[33m404[39m [90m1 ms - 211[39m
[35m[HTTP][39m [90m[39m
[35m[HTTP][39m [37m--&gt;[39m [37mGET[39m [37m/status[39m
[35m[HTTP][39m [90m{}[39m
[debug] [35m[HTTP][39m No route found for /status
[35m[HTTP][39m [37m&lt;-- GET /status [39m[33m404[39m [90m1 ms - 211[39m
[35m[HTTP][39m [90m[39m
[35m[HTTP][39m [37m--&gt;[39m [37mGET[39m [37m/status[39m
[35m[HTTP][39m [90m{}[39m
[debug] [35m[HTTP][39m No route found for /status
[35m[HTTP][39m [37m&lt;-- GET /status [39m[33m404[39m [90m2 ms - 211[39m
[35m[HTTP][39m [90m[39m
[35m[HTTP][39m [37m--&gt;[39m [37mGET[39m [37m/status[39m
[35m[HTTP][39m [90m{}[39m
[debug] [35m[HTTP][39m No route found for /status
[35m[HTTP][39m [37m&lt;-- GET /status [39m[33m404[39m [90m1 ms - 211[39m
[35m[HTTP][39m [90m[39m
[35m[HTTP][39m [37m--&gt;[39m [37mGET[39m [37m/status[39m
[35m[HTTP][39m [90m{}[39m
[debug] [35m[HTTP][39m No route found for /status
[35m[HTTP][39m [37m&lt;-- GET /status [39m[33m404[39m [90m1 ms - 211[39m
[35m[HTTP][39m [90m[39m
[35m[HTTP][39m [37m--&gt;[39m [37mGET[39m [37m/status[39m
[35m[HTTP][39m [90m{}[39m
[debug] [35m[HTTP][39m No route found for /status
[35m[HTTP][39m [37m&lt;-- GET /status [39m[33m404[39m [90m1 ms - 211[39m
[35m[HTTP][39m [90m[39m
[35m[HTTP][39m [37m--&gt;[39m [37mGET[39m [37m/status[39m
[35m[HTTP][39m [90m{}[39m
[debug] [35m[HTTP][39m No route found for /status
[35m[HTTP][39m [37m&lt;-- GET /status [39m[33m404[39m [90m2 ms - 211[39m
[35m[HTTP][39m [90m[39m
[35m[HTTP][39m [37m--&gt;[39m [37mGET[39m [37m/status[39m
[35m[HTTP][39m [90m{}[39m
[debug] [35m[HTTP][39m No route found for /status
[35m[HTTP][39m [37m&lt;-- GET /status [39m[33m404[39m [90m0 ms - 211[39m
[35m[HTTP][39m [90m[39m
[35m[HTTP][39m [37m--&gt;[39m [37mGET[39m [37m/status[39m
[35m[HTTP][39m [90m{}[39m
[debug] [35m[HTTP][39m No route found for /status
[35m[HTTP][39m [37m&lt;-- GET /status [39m[33m404[39m [90m1 ms - 211[39m
[35m[HTTP][39m [90m[39m
[35m[HTTP][39m [37m--&gt;[39m [37mGET[39m [37m/status[39m
[35m[HTTP][39m [90m{}[39m
[debug] [35m[HTTP][39m No route found for /status
[35m[HTTP][39m [37m&lt;-- GET /status [39m[33m404[39m [90m2 ms - 211[39m
[35m[HTTP][39m [90m[39m
[35m[HTTP][39m [37m--&gt;[39m [37mGET[39m [37m/status[39m
[35m[HTTP][39m [90m{}[39m
[debug] [35m[HTTP][39m No route found for /status
[35m[HTTP][39m [37m&lt;-- GET /status [39m[33m404[39m [90m1 ms - 211[39m
[35m[HTTP][39m [90m[39m
[35m[HTTP][39m [37m--&gt;[39m [37mGET[39m [37m/status[39m
[35m[HTTP][39m [90m{}[39m
[debug] [35m[HTTP][39m No route found for /status
[35m[HTTP][39m [37m&lt;-- GET /status [39m[33m404[39m [90m1 ms - 211[39m
[35m[HTTP][39m [90m[39m
[35m[HTTP][39m [37m--&gt;[39m [37mGET[39m [37m/status[39m
[35m[HTTP][39m [90m{}[39m
[debug] [35m[HTTP][39m No route found for /status
[35m[HTTP][39m [37m&lt;-- GET /status [39m[33m404[39m [90m1 ms - 211[39m
[35m[HTTP][39m [90m[39m
[35m[HTTP][39m [37m--&gt;[39m [37mGET[39m [37m/status[39m
[35m[HTTP][39m [90m{}[39m
[debug] [35m[HTTP][39m No route found for /status
[35m[HTTP][39m [37m&lt;-- GET /status [39m[33m404[39m [90m1 ms - 211[39m
[35m[HTTP][39m [90m[39m
[35m[HTTP][39m [37m--&gt;[39m [37mGET[39m [37m/status[39m
[35m[HTTP][39m [90m{}[39m
[debug] [35m[HTTP][39m No route found for /status
[35m[HTTP][39m [37m&lt;-- GET /status [39m[33m404[39m [90m1 ms - 211[39m
[35m[HTTP][39m [90m[39m
[35m[HTTP][39m [37m--&gt;[39m [37mGET[39m [37m/status[39m
[35m[HTTP][39m [90m{}[39m
[debug] [35m[HTTP][39m No route found for /status
[35m[HTTP][39m [37m&lt;-- GET /status [39m[33m404[39m [90m1 ms - 211[39m
[35m[HTTP][39m [90m[39m
[35m[HTTP][39m [37m--&gt;[39m [37mGET[39m [37m/status[39m
[35m[HTTP][39m [90m{}[39m
[debug] [35m[HTTP][39m No route found for /status
[35m[HTTP][39m [37m&lt;-- GET /status [39m[33m404[39m [90m1 ms - 211[39m
[35m[HTTP][39m [90m[39m
[35m[HTTP][39m [37m--&gt;[39m [37mGET[39m [37m/status[39m
[35m[HTTP][39m [90m{}[39m
[debug] [35m[HTTP][39m No route found for /status
[35m[HTTP][39m [37m&lt;-- GET /status [39m[33m404[39m [90m0 ms - 211[39m
[35m[HTTP][39m [90m[39m
[35m[HTTP][39m [37m--&gt;[39m [37mGET[39m [37m/status[39m
[35m[HTTP][39m [90m{}[39m
[debug] [35m[HTTP][39m No route found for /status
[35m[HTTP][39m [37m&lt;-- GET /status [39m[33m404[39m [90m1 ms - 211[39m
[35m[HTTP][39m [90m[39m
[35m[HTTP][39m [37m--&gt;[39m [37mGET[39m [37m/status[39m
[35m[HTTP][39m [90m{}[39m
[debug] [35m[HTTP][39m No route found for /status
[35m[HTTP][39m [37m&lt;-- GET /status [39m[33m404[39m [90m2 ms - 211[39m
[35m[HTTP][39m [90m[39m
[35m[HTTP][39m [37m--&gt;[39m [37mGET[39m [37m/status[39m
[35m[HTTP][39m [90m{}[39m
[debug] [35m[HTTP][39m No route found for /status
[35m[HTTP][39m [37m&lt;-- GET /status [39m[33m404[39m [90m1 ms - 211[39m
[35m[HTTP][39m [90m[39m
[35m[HTTP][39m [37m--&gt;[39m [37mGET[39m [37m/status[39m
[35m[HTTP][39m [90m{}[39m
[debug] [35m[HTTP][39m No route found for /status
[35m[HTTP][39m [37m&lt;-- GET /status [39m[33m404[39m [90m1 ms - 211[39m
[35m[HTTP][39m [90m[39m
[35m[HTTP][39m [37m--&gt;[39m [37mGET[39m [37m/status[39m
[35m[HTTP][39m [90m{}[39m
[debug] [35m[HTTP][39m No route found for /status
[35m[HTTP][39m [37m&lt;-- GET /status [39m[33m404[39m [90m1 ms - 211[39m
[35m[HTTP][39m [90m[39m
[35m[HTTP][39m [37m--&gt;[39m [37mGET[39m [37m/status[39m
[35m[HTTP][39m [90m{}[39m
[debug] [35m[HTTP][39m No route found for /status
[35m[HTTP][39m [37m&lt;-- GET /status [39m[33m404[39m [90m0 ms - 211[39m
[35m[HTTP][39m [90m[39m
[35m[HTTP][39m [37m--&gt;[39m [37mGET[39m [37m/status[39m
[35m[HTTP][39m [90m{}[39m
[debug] [35m[HTTP][39m No route found for /status
[35m[HTTP][39m [37m&lt;-- GET /status [39m[33m404[39m [90m1 ms - 211[39m
[35m[HTTP][39m [90m[39m
[35m[HTTP][39m [37m--&gt;[39m [37mGET[39m [37m/status[39m
[35m[HTTP][39m [90m{}[39m
[debug] [35m[HTTP][39m No route found for /status
[35m[HTTP][39m [37m&lt;-- GET /status [39m[33m404[39m [90m1 ms - 211[39m
[35m[HTTP][39m [90m[39m
[35m[HTTP][39m [37m--&gt;[39m [37mGET[39m [37m/status[39m
[35m[HTTP][39m [90m{}[39m
[debug] [35m[HTTP][39m No route found for /status
[35m[HTTP][39m [37m&lt;-- GET /status [39m[33m404[39m [90m1 ms - 211[39m
[35m[HTTP][39m [90m[39m
[35m[HTTP][39m [37m--&gt;[39m [37mGET[39m [37m/status[39m
[35m[HTTP][39m [90m{}[39m
[debug] [35m[HTTP][39m No route found for /status
[35m[HTTP][39m [37m&lt;-- GET /status [39m[33m404[39m [90m1 ms - 211[39m
[35m[HTTP][39m [90m[39m
[35m[HTTP][39m [37m--&gt;[39m [37mGET[39m [37m/status[39m
[35m[HTTP][39m [90m{}[39m
[debug] [35m[HTTP][39m No route found for /status
[35m[HTTP][39m [37m&lt;-- GET /status [39m[33m404[39m [90m1 ms - 211[39m
[35m[HTTP][39m [90m[39m
[35m[HTTP][39m [37m--&gt;[39m [37mGET[39m [37m/status[39m
[35m[HTTP][39m [90m{}[39m
[debug] [35m[HTTP][39m No route found for /status
[35m[HTTP][39m [37m&lt;-- GET /status [39m[33m404[39m [90m1 ms - 211[39m
[35m[HTTP][39m [90m[39m
[35m[HTTP][39m [37m--&gt;[39m [37mGET[39m [37m/status[39m
[35m[HTTP][39m [90m{}[39m
[debug] [35m[HTTP][39m No route found for /status
[35m[HTTP][39m [37m&lt;-- GET /status [39m[33m404[39m [90m1 ms - 211[39m
[35m[HTTP][39m [90m[39m
[35m[HTTP][39m [37m--&gt;[39m [37mGET[39m [37m/status[39m
[35m[HTTP][39m [90m{}[39m
[debug] [35m[HTTP][39m No route found for /status
[35m[HTTP][39m [37m&lt;-- GET /status [39m[33m404[39m [90m0 ms - 211[39m
[35m[HTTP][39m [90m[39m
[35m[HTTP][39m [37m--&gt;[39m [37mGET[39m [37m/status[39m
[35m[HTTP][39m [90m{}[39m
[debug] [35m[HTTP][39m No route found for /status
[35m[HTTP][39m [37m&lt;-- GET /status [39m[33m404[39m [90m1 ms - 211[39m
[35m[HTTP][39m [90m[39m
[35m[HTTP][39m [37m--&gt;[39m [37mGET[39m [37m/status[39m
[35m[HTTP][39m [90m{}[39m
[debug] [35m[HTTP][39m No route found for /status
[35m[HTTP][39m [37m&lt;-- GET /status [39m[33m404[39m [90m1 ms - 211[39m
[35m[HTTP][39m [90m[39m
[35m[HTTP][39m [37m--&gt;[39m [37mGET[39m [37m/status[39m
[35m[HTTP][39m [90m{}[39m
[debug] [35m[HTTP][39m No route found for /status
[35m[HTTP][39m [37m&lt;-- GET /status [39m[33m404[39m [90m1 ms - 211[39m
[35m[HTTP][39m [90m[39m
[35m[HTTP][39m [37m--&gt;[39m [37mGET[39m [37m/status[39m
[35m[HTTP][39m [90m{}[39m
[debug] [35m[HTTP][39m No route found for /status
[35m[HTTP][39m [37m&lt;-- GET /status [39m[33m404[39m [90m0 ms - 211[39m
[35m[HTTP][39m [90m[39m
[35m[HTTP][39m [37m--&gt;[39m [37mGET[39m [37m/status[39m
[35m[HTTP][39m [90m{}[39m
[debug] [35m[HTTP][39m No route found for /status
[35m[HTTP][39m [37m&lt;-- GET /status [39m[33m404[39m [90m0 ms - 211[39m
[35m[HTTP][39m [90m[39m
[35m[HTTP][39m [37m--&gt;[39m [37mGET[39m [37m/status[39m
[35m[HTTP][39m [90m{}[39m
[debug] [35m[HTTP][39m No route found for /status
[35m[HTTP][39m [37m&lt;-- GET /status [39m[33m404[39m [90m0 ms - 211[39m
[35m[HTTP][39m [90m[39m
[35m[HTTP][39m [37m--&gt;[39m [37mGET[39m [37m/status[39m
[35m[HTTP][39m [90m{}[39m
[debug] [35m[HTTP][39m No route found for /status
[35m[HTTP][39m [37m&lt;-- GET /status [39m[33m404[39m [90m0 ms - 211[39m
[35m[HTTP][39m [90m[39m
[35m[HTTP][39m [37m--&gt;[39m [37mGET[39m [37m/status[39m
[35m[HTTP][39m [90m{}[39m
[debug] [35m[HTTP][39m No route found for /status
[35m[HTTP][39m [37m&lt;-- GET /status [39m[33m404[39m [90m0 ms - 211[39m
[35m[HTTP][39m [90m[39m
]">
      <![CDATA[io.appium.java_client.service.local.AppiumServerHasNotBeenStartedLocallyException: [The local appium server has not been started, Reason: Timed out waiting for [http://127.0.0.1:4723/status] to be available after 20006 ms, Consider increasing the server startup timeout value (currently 20000ms), Node.js executable path: C:\Program Files\nodejs\node.exe, Arguments: [C:\Users\Harsha Patil\AppData\Roaming\npm\node_modules\appium\build\lib\main.js, --port, 4723, --address, 127.0.0.1], Output: [35m[Appium][39m Welcome to Appium v1.22.3
[35m[Appium][39m Non-default server args:
[35m[Appium][39m   address: 127.0.0.1
[35m[Appium][39m Appium REST http interface listener started on 127.0.0.1:4723
[35m[HTTP][39m [37m-->[39m [37mGET[39m [37m/status[39m
[35m[HTTP][39m [90m{}[39m
[debug] [35m[HTTP][39m No route found for /status
[35m[HTTP][39m [37m<-- GET /status [39m[33m404[39m [90m16 ms - 211[39m
[35m[HTTP][39m [90m[39m
[35m[HTTP][39m [37m-->[39m [37mGET[39m [37m/status[39m
[35m[HTTP][39m [90m{}[39m
[debug] [35m[HTTP][39m No route found for /status
[35m[HTTP][39m [37m<-- GET /status [39m[33m404[39m [90m11 ms - 211[39m
[35m[HTTP][39m [90m[39m
[35m[HTTP][39m [37m-->[39m [37mGET[39m [37m/status[39m
[35m[HTTP][39m [90m{}[39m
[debug] [35m[HTTP][39m No route found for /status
[35m[HTTP][39m [37m<-- GET /status [39m[33m404[39m [90m1 ms - 211[39m
[35m[HTTP][39m [90m[39m
[35m[HTTP][39m [37m-->[39m [37mGET[39m [37m/status[39m
[35m[HTTP][39m [90m{}[39m
[debug] [35m[HTTP][39m No route found for /status
[35m[HTTP][39m [37m<-- GET /status [39m[33m404[39m [90m1 ms - 211[39m
[35m[HTTP][39m [90m[39m
[35m[HTTP][39m [37m-->[39m [37mGET[39m [37m/status[39m
[35m[HTTP][39m [90m{}[39m
[debug] [35m[HTTP][39m No route found for /status
[35m[HTTP][39m [37m<-- GET /status [39m[33m404[39m [90m1 ms - 211[39m
[35m[HTTP][39m [90m[39m
[35m[HTTP][39m [37m-->[39m [37mGET[39m [37m/status[39m
[35m[HTTP][39m [90m{}[39m
[debug] [35m[HTTP][39m No route found for /status
[35m[HTTP][39m [37m<-- GET /status [39m[33m404[39m [90m1 ms - 211[39m
[35m[HTTP][39m [90m[39m
[35m[HTTP][39m [37m-->[39m [37mGET[39m [37m/status[39m
[35m[HTTP][39m [90m{}[39m
[debug] [35m[HTTP][39m No route found for /status
[35m[HTTP][39m [37m<-- GET /status [39m[33m404[39m [90m1 ms - 211[39m
[35m[HTTP][39m [90m[39m
[35m[HTTP][39m [37m-->[39m [37mGET[39m [37m/status[39m
[35m[HTTP][39m [90m{}[39m
[debug] [35m[HTTP][39m No route found for /status
[35m[HTTP][39m [37m<-- GET /status [39m[33m404[39m [90m1 ms - 211[39m
[35m[HTTP][39m [90m[39m
[35m[HTTP][39m [37m-->[39m [37mGET[39m [37m/status[39m
[35m[HTTP][39m [90m{}[39m
[debug] [35m[HTTP][39m No route found for /status
[35m[HTTP][39m [37m<-- GET /status [39m[33m404[39m [90m2 ms - 211[39m
[35m[HTTP][39m [90m[39m
[35m[HTTP][39m [37m-->[39m [37mGET[39m [37m/status[39m
[35m[HTTP][39m [90m{}[39m
[debug] [35m[HTTP][39m No route found for /status
[35m[HTTP][39m [37m<-- GET /status [39m[33m404[39m [90m1 ms - 211[39m
[35m[HTTP][39m [90m[39m
[35m[HTTP][39m [37m-->[39m [37mGET[39m [37m/status[39m
[35m[HTTP][39m [90m{}[39m
[debug] [35m[HTTP][39m No route found for /status
[35m[HTTP][39m [37m<-- GET /status [39m[33m404[39m [90m1 ms - 211[39m
[35m[HTTP][39m [90m[39m
[35m[HTTP][39m [37m-->[39m [37mGET[39m [37m/status[39m
[35m[HTTP][39m [90m{}[39m
[debug] [35m[HTTP][39m No route found for /status
[35m[HTTP][39m [37m<-- GET /status [39m[33m404[39m [90m1 ms - 211[39m
[35m[HTTP][39m [90m[39m
[35m[HTTP][39m [37m-->[39m [37mGET[39m [37m/status[39m
[35m[HTTP][39m [90m{}[39m
[debug] [35m[HTTP][39m No route found for /status
[35m[HTTP][39m [37m<-- GET /status [39m[33m404[39m [90m1 ms - 211[39m
[35m[HTTP][39m [90m[39m
[35m[HTTP][39m [37m-->[39m [37mGET[39m [37m/status[39m
[35m[HTTP][39m [90m{}[39m
[debug] [35m[HTTP][39m No route found for /status
[35m[HTTP][39m [37m<-- GET /status [39m[33m404[39m [90m1 ms - 211[39m
[35m[HTTP][39m [90m[39m
[35m[HTTP][39m [37m-->[39m [37mGET[39m [37m/status[39m
[35m[HTTP][39m [90m{}[39m
[debug] [35m[HTTP][39m No route found for /status
[35m[HTTP][39m [37m<-- GET /status [39m[33m404[39m [90m1 ms - 211[39m
[35m[HTTP][39m [90m[39m
[35m[HTTP][39m [37m-->[39m [37mGET[39m [37m/status[39m
[35m[HTTP][39m [90m{}[39m
[debug] [35m[HTTP][39m No route found for /status
[35m[HTTP][39m [37m<-- GET /status [39m[33m404[39m [90m1 ms - 211[39m
[35m[HTTP][39m [90m[39m
[35m[HTTP][39m [37m-->[39m [37mGET[39m [37m/status[39m
[35m[HTTP][39m [90m{}[39m
[debug] [35m[HTTP][39m No route found for /status
[35m[HTTP][39m [37m<-- GET /status [39m[33m404[39m [90m1 ms - 211[39m
[35m[HTTP][39m [90m[39m
[35m[HTTP][39m [37m-->[39m [37mGET[39m [37m/status[39m
[35m[HTTP][39m [90m{}[39m
[debug] [35m[HTTP][39m No route found for /status
[35m[HTTP][39m [37m<-- GET /status [39m[33m404[39m [90m2 ms - 211[39m
[35m[HTTP][39m [90m[39m
[35m[HTTP][39m [37m-->[39m [37mGET[39m [37m/status[39m
[35m[HTTP][39m [90m{}[39m
[debug] [35m[HTTP][39m No route found for /status
[35m[HTTP][39m [37m<-- GET /status [39m[33m404[39m [90m1 ms - 211[39m
[35m[HTTP][39m [90m[39m
[35m[HTTP][39m [37m-->[39m [37mGET[39m [37m/status[39m
[35m[HTTP][39m [90m{}[39m
[debug] [35m[HTTP][39m No route found for /status
[35m[HTTP][39m [37m<-- GET /status [39m[33m404[39m [90m1 ms - 211[39m
[35m[HTTP][39m [90m[39m
[35m[HTTP][39m [37m-->[39m [37mGET[39m [37m/status[39m
[35m[HTTP][39m [90m{}[39m
[debug] [35m[HTTP][39m No route found for /status
[35m[HTTP][39m [37m<-- GET /status [39m[33m404[39m [90m1 ms - 211[39m
[35m[HTTP][39m [90m[39m
[35m[HTTP][39m [37m-->[39m [37mGET[39m [37m/status[39m
[35m[HTTP][39m [90m{}[39m
[debug] [35m[HTTP][39m No route found for /status
[35m[HTTP][39m [37m<-- GET /status [39m[33m404[39m [90m2 ms - 211[39m
[35m[HTTP][39m [90m[39m
[35m[HTTP][39m [37m-->[39m [37mGET[39m [37m/status[39m
[35m[HTTP][39m [90m{}[39m
[debug] [35m[HTTP][39m No route found for /status
[35m[HTTP][39m [37m<-- GET /status [39m[33m404[39m [90m0 ms - 211[39m
[35m[HTTP][39m [90m[39m
[35m[HTTP][39m [37m-->[39m [37mGET[39m [37m/status[39m
[35m[HTTP][39m [90m{}[39m
[debug] [35m[HTTP][39m No route found for /status
[35m[HTTP][39m [37m<-- GET /status [39m[33m404[39m [90m1 ms - 211[39m
[35m[HTTP][39m [90m[39m
[35m[HTTP][39m [37m-->[39m [37mGET[39m [37m/status[39m
[35m[HTTP][39m [90m{}[39m
[debug] [35m[HTTP][39m No route found for /status
[35m[HTTP][39m [37m<-- GET /status [39m[33m404[39m [90m2 ms - 211[39m
[35m[HTTP][39m [90m[39m
[35m[HTTP][39m [37m-->[39m [37mGET[39m [37m/status[39m
[35m[HTTP][39m [90m{}[39m
[debug] [35m[HTTP][39m No route found for /status
[35m[HTTP][39m [37m<-- GET /status [39m[33m404[39m [90m1 ms - 211[39m
[35m[HTTP][39m [90m[39m
[35m[HTTP][39m [37m-->[39m [37mGET[39m [37m/status[39m
[35m[HTTP][39m [90m{}[39m
[debug] [35m[HTTP][39m No route found for /status
[35m[HTTP][39m [37m<-- GET /status [39m[33m404[39m [90m1 ms - 211[39m
[35m[HTTP][39m [90m[39m
[35m[HTTP][39m [37m-->[39m [37mGET[39m [37m/status[39m
[35m[HTTP][39m [90m{}[39m
[debug] [35m[HTTP][39m No route found for /status
[35m[HTTP][39m [37m<-- GET /status [39m[33m404[39m [90m1 ms - 211[39m
[35m[HTTP][39m [90m[39m
[35m[HTTP][39m [37m-->[39m [37mGET[39m [37m/status[39m
[35m[HTTP][39m [90m{}[39m
[debug] [35m[HTTP][39m No route found for /status
[35m[HTTP][39m [37m<-- GET /status [39m[33m404[39m [90m1 ms - 211[39m
[35m[HTTP][39m [90m[39m
[35m[HTTP][39m [37m-->[39m [37mGET[39m [37m/status[39m
[35m[HTTP][39m [90m{}[39m
[debug] [35m[HTTP][39m No route found for /status
[35m[HTTP][39m [37m<-- GET /status [39m[33m404[39m [90m1 ms - 211[39m
[35m[HTTP][39m [90m[39m
[35m[HTTP][39m [37m-->[39m [37mGET[39m [37m/status[39m
[35m[HTTP][39m [90m{}[39m
[debug] [35m[HTTP][39m No route found for /status
[35m[HTTP][39m [37m<-- GET /status [39m[33m404[39m [90m1 ms - 211[39m
[35m[HTTP][39m [90m[39m
[35m[HTTP][39m [37m-->[39m [37mGET[39m [37m/status[39m
[35m[HTTP][39m [90m{}[39m
[debug] [35m[HTTP][39m No route found for /status
[35m[HTTP][39m [37m<-- GET /status [39m[33m404[39m [90m1 ms - 211[39m
[35m[HTTP][39m [90m[39m
[35m[HTTP][39m [37m-->[39m [37mGET[39m [37m/status[39m
[35m[HTTP][39m [90m{}[39m
[debug] [35m[HTTP][39m No route found for /status
[35m[HTTP][39m [37m<-- GET /status [39m[33m404[39m [90m0 ms - 211[39m
[35m[HTTP][39m [90m[39m
[35m[HTTP][39m [37m-->[39m [37mGET[39m [37m/status[39m
[35m[HTTP][39m [90m{}[39m
[debug] [35m[HTTP][39m No route found for /status
[35m[HTTP][39m [37m<-- GET /status [39m[33m404[39m [90m1 ms - 211[39m
[35m[HTTP][39m [90m[39m
[35m[HTTP][39m [37m-->[39m [37mGET[39m [37m/status[39m
[35m[HTTP][39m [90m{}[39m
[debug] [35m[HTTP][39m No route found for /status
[35m[HTTP][39m [37m<-- GET /status [39m[33m404[39m [90m2 ms - 211[39m
[35m[HTTP][39m [90m[39m
[35m[HTTP][39m [37m-->[39m [37mGET[39m [37m/status[39m
[35m[HTTP][39m [90m{}[39m
[debug] [35m[HTTP][39m No route found for /status
[35m[HTTP][39m [37m<-- GET /status [39m[33m404[39m [90m1 ms - 211[39m
[35m[HTTP][39m [90m[39m
[35m[HTTP][39m [37m-->[39m [37mGET[39m [37m/status[39m
[35m[HTTP][39m [90m{}[39m
[debug] [35m[HTTP][39m No route found for /status
[35m[HTTP][39m [37m<-- GET /status [39m[33m404[39m [90m1 ms - 211[39m
[35m[HTTP][39m [90m[39m
[35m[HTTP][39m [37m-->[39m [37mGET[39m [37m/status[39m
[35m[HTTP][39m [90m{}[39m
[debug] [35m[HTTP][39m No route found for /status
[35m[HTTP][39m [37m<-- GET /status [39m[33m404[39m [90m1 ms - 211[39m
[35m[HTTP][39m [90m[39m
[35m[HTTP][39m [37m-->[39m [37mGET[39m [37m/status[39m
[35m[HTTP][39m [90m{}[39m
[debug] [35m[HTTP][39m No route found for /status
[35m[HTTP][39m [37m<-- GET /status [39m[33m404[39m [90m0 ms - 211[39m
[35m[HTTP][39m [90m[39m
[35m[HTTP][39m [37m-->[39m [37mGET[39m [37m/status[39m
[35m[HTTP][39m [90m{}[39m
[debug] [35m[HTTP][39m No route found for /status
[35m[HTTP][39m [37m<-- GET /status [39m[33m404[39m [90m1 ms - 211[39m
[35m[HTTP][39m [90m[39m
[35m[HTTP][39m [37m-->[39m [37mGET[39m [37m/status[39m
[35m[HTTP][39m [90m{}[39m
[debug] [35m[HTTP][39m No route found for /status
[35m[HTTP][39m [37m<-- GET /status [39m[33m404[39m [90m1 ms - 211[39m
[35m[HTTP][39m [90m[39m
[35m[HTTP][39m [37m-->[39m [37mGET[39m [37m/status[39m
[35m[HTTP][39m [90m{}[39m
[debug] [35m[HTTP][39m No route found for /status
[35m[HTTP][39m [37m<-- GET /status [39m[33m404[39m [90m1 ms - 211[39m
[35m[HTTP][39m [90m[39m
[35m[HTTP][39m [37m-->[39m [37mGET[39m [37m/status[39m
[35m[HTTP][39m [90m{}[39m
[debug] [35m[HTTP][39m No route found for /status
[35m[HTTP][39m [37m<-- GET /status [39m[33m404[39m [90m1 ms - 211[39m
[35m[HTTP][39m [90m[39m
[35m[HTTP][39m [37m-->[39m [37mGET[39m [37m/status[39m
[35m[HTTP][39m [90m{}[39m
[debug] [35m[HTTP][39m No route found for /status
[35m[HTTP][39m [37m<-- GET /status [39m[33m404[39m [90m1 ms - 211[39m
[35m[HTTP][39m [90m[39m
[35m[HTTP][39m [37m-->[39m [37mGET[39m [37m/status[39m
[35m[HTTP][39m [90m{}[39m
[debug] [35m[HTTP][39m No route found for /status
[35m[HTTP][39m [37m<-- GET /status [39m[33m404[39m [90m1 ms - 211[39m
[35m[HTTP][39m [90m[39m
[35m[HTTP][39m [37m-->[39m [37mGET[39m [37m/status[39m
[35m[HTTP][39m [90m{}[39m
[debug] [35m[HTTP][39m No route found for /status
[35m[HTTP][39m [37m<-- GET /status [39m[33m404[39m [90m1 ms - 211[39m
[35m[HTTP][39m [90m[39m
[35m[HTTP][39m [37m-->[39m [37mGET[39m [37m/status[39m
[35m[HTTP][39m [90m{}[39m
[debug] [35m[HTTP][39m No route found for /status
[35m[HTTP][39m [37m<-- GET /status [39m[33m404[39m [90m0 ms - 211[39m
[35m[HTTP][39m [90m[39m
[35m[HTTP][39m [37m-->[39m [37mGET[39m [37m/status[39m
[35m[HTTP][39m [90m{}[39m
[debug] [35m[HTTP][39m No route found for /status
[35m[HTTP][39m [37m<-- GET /status [39m[33m404[39m [90m1 ms - 211[39m
[35m[HTTP][39m [90m[39m
[35m[HTTP][39m [37m-->[39m [37mGET[39m [37m/status[39m
[35m[HTTP][39m [90m{}[39m
[debug] [35m[HTTP][39m No route found for /status
[35m[HTTP][39m [37m<-- GET /status [39m[33m404[39m [90m1 ms - 211[39m
[35m[HTTP][39m [90m[39m
[35m[HTTP][39m [37m-->[39m [37mGET[39m [37m/status[39m
[35m[HTTP][39m [90m{}[39m
[debug] [35m[HTTP][39m No route found for /status
[35m[HTTP][39m [37m<-- GET /status [39m[33m404[39m [90m1 ms - 211[39m
[35m[HTTP][39m [90m[39m
[35m[HTTP][39m [37m-->[39m [37mGET[39m [37m/status[39m
[35m[HTTP][39m [90m{}[39m
[debug] [35m[HTTP][39m No route found for /status
[35m[HTTP][39m [37m<-- GET /status [39m[33m404[39m [90m0 ms - 211[39m
[35m[HTTP][39m [90m[39m
[35m[HTTP][39m [37m-->[39m [37mGET[39m [37m/status[39m
[35m[HTTP][39m [90m{}[39m
[debug] [35m[HTTP][39m No route found for /status
[35m[HTTP][39m [37m<-- GET /status [39m[33m404[39m [90m0 ms - 211[39m
[35m[HTTP][39m [90m[39m
[35m[HTTP][39m [37m-->[39m [37mGET[39m [37m/status[39m
[35m[HTTP][39m [90m{}[39m
[debug] [35m[HTTP][39m No route found for /status
[35m[HTTP][39m [37m<-- GET /status [39m[33m404[39m [90m0 ms - 211[39m
[35m[HTTP][39m [90m[39m
[35m[HTTP][39m [37m-->[39m [37mGET[39m [37m/status[39m
[35m[HTTP][39m [90m{}[39m
[debug] [35m[HTTP][39m No route found for /status
[35m[HTTP][39m [37m<-- GET /status [39m[33m404[39m [90m0 ms - 211[39m
[35m[HTTP][39m [90m[39m
[35m[HTTP][39m [37m-->[39m [37mGET[39m [37m/status[39m
[35m[HTTP][39m [90m{}[39m
[debug] [35m[HTTP][39m No route found for /status
[35m[HTTP][39m [37m<-- GET /status [39m[33m404[39m [90m0 ms - 211[39m
[35m[HTTP][39m [90m[39m
]
at io.appium.java_client.service.local.AppiumDriverLocalService.start(AppiumDriverLocalService.java:203)
at collabera.BaseClass.startServerwithApp(BaseClass.java:41)
at sun.reflect.NativeMethodAccessorImpl.invoke0(Native Method)
at sun.reflect.NativeMethodAccessorImpl.invoke(Unknown Source)
at sun.reflect.DelegatingMethodAccessorImpl.invoke(Unknown Source)
at java.lang.reflect.Method.invoke(Unknown Source)
at org.testng.internal.MethodInvocationHelper.invokeMethod(MethodInvocationHelper.java:133)
at org.testng.internal.MethodInvocationHelper.invokeMethodConsideringTimeout(MethodInvocationHelper.java:62)
at org.testng.internal.ConfigInvoker.invokeConfigurationMethod(ConfigInvoker.java:340)
at org.testng.internal.ConfigInvoker.invokeConfigurations(ConfigInvoker.java:294)
at org.testng.TestRunner.invokeTestConfigurations(TestRunner.java:623)
at org.testng.TestRunner.beforeRun(TestRunner.java:613)
at org.testng.TestRunner.run(TestRunner.java:584)
at org.testng.SuiteRunner.runTest(SuiteRunner.java:402)
at org.testng.SuiteRunner.runSequentially(SuiteRunner.java:396)
at org.testng.SuiteRunner.privateRun(SuiteRunner.java:355)
at org.testng.SuiteRunner.run(SuiteRunner.java:304)
at org.testng.SuiteRunnerWorker.runSuite(SuiteRunnerWorker.java:53)
at org.testng.SuiteRunnerWorker.run(SuiteRunnerWorker.java:96)
at org.testng.TestNG.runSuitesSequentially(TestNG.java:1180)
at org.testng.TestNG.runSuitesLocally(TestNG.java:1102)
at org.testng.TestNG.runSuites(TestNG.java:1032)
at org.testng.TestNG.run(TestNG.java:1000)
at org.testng.remote.AbstractRemoteTestNG.run(AbstractRemoteTestNG.java:115)
at org.testng.remote.RemoteTestNG.initAndRun(RemoteTestNG.java:251)
at org.testng.remote.RemoteTestNG.main(RemoteTestNG.java:77)
Caused by: org.openqa.selenium.net.UrlChecker$TimeoutException: Timed out waiting for [http://127.0.0.1:4723/status] to be available after 20006 ms
at org.openqa.selenium.net.UrlChecker.waitUntilAvailable(UrlChecker.java:94)
at io.appium.java_client.service.local.AppiumDriverLocalService.ping(AppiumDriverLocalService.java:157)
at io.appium.java_client.service.local.AppiumDriverLocalService.start(AppiumDriverLocalService.java:182)
... 25 more
Caused by: java.util.concurrent.TimeoutException
at java.util.concurrent.FutureTask.get(Unknown Source)
at org.openqa.selenium.net.UrlChecker.waitUntilAvailable(UrlChecker.java:91)
... 27 more
]]>
    </error>
  </testcase> <!-- startServerwithApp -->
  <testcase name="longPress" time="0.000" classname="collabera.LongPressGesture">
    <skipped/>
  </testcase> <!-- longPress -->
</testsuite> <!-- collabera.LongPressGesture -->
